[2025-Apr-17 20:13:14.858 +01:00][176256:176256][info ] Logging initialized
[2025-Apr-18 17:25:38.101 +01:00][97040:97040][info ] Logging initialized
[2025-Apr-19 22:31:56.334 +01:00][ 4132: 4132][info ] Logging initialized
[2025-Apr-20 19:13:08.964 +01:00][ 4691: 4691][info ] Logging initialized
[2025-Apr-20 19:13:11.673 +01:00][ 4691: 4691][info ] Logging initialized
[2025-Apr-20 20:39:39.830 +01:00][ 4984: 4984][info ] Logging initialized
[2025-Apr-26 19:00:28.260 +01:00][ 8714: 8714][info ] Logging initialized
[2025-Apr-29 18:49:50.099 +01:00][ 4512: 4512][info ] Logging initialized
[2025-Apr-29 18:54:18.974 +01:00][ 6782: 6782][info ] Logging initialized
[2025-Apr-30 18:11:51.415 +01:00][ 3389: 3389][info ] Logging initialized
[2025-Apr-30 21:10:55.458 +01:00][56394:56394][info ] Logging initialized
[2025-Apr-30 23:06:15.666 +01:00][87235:87235][info ] Logging initialized
[2025-May-01 15:33:58.215 +01:00][ 2303: 2303][info ] Logging initialized
[2025-May-01 16:36:10.865 +01:00][35574:35574][info ] Logging initialized
[2025-May-01 16:55:30.855 +01:00][48390:48390][info ] Logging initialized
[2025-May-01 16:59:41.579 +01:00][ 2308: 2308][info ] Logging initialized
[2025-May-02 12:00:07.695 +01:00][ 2224: 2224][info ] Logging initialized
[2025-May-05 13:06:15.171 +01:00][ 2221: 2221][info ] Logging initialized
[2025-May-06 18:10:56.978 +01:00][ 4987: 4987][info ] Logging initialized
[2025-May-07 16:30:27.757 +01:00][ 2194: 2194][info ] Logging initialized
[2025-May-11 17:25:36.846 +01:00][ 2253: 2253][info ] Logging initialized
[2025-May-16 19:15:55.379 +01:00][ 2977: 2977][info ] Logging initialized
[2025-May-18 19:09:10.416 +01:00][ 2246: 2246][info ] Logging initialized
[2025-May-20 18:57:45.662 +01:00][ 4135: 4135][info ] Logging initialized
[2025-May-21 18:17:10.609 +01:00][ 2382: 2382][info ] Logging initialized
[2025-May-24 14:31:32.458 +01:00][ 2367: 2367][info ] Logging initialized
[2025-May-25 21:57:22.986 +01:00][ 2390: 2390][info ] Logging initialized
[2025-May-27 21:32:26.450 +01:00][ 2446: 2446][info ] Logging initialized
[2025-Jun-01 19:45:34.319 +01:00][ 2578: 2578][info ] Logging initialized
[2025-Jun-14 15:14:10.269 +01:00][38371:38371][info ] Logging initialized
[2025-Jun-16 19:03:29.317 +01:00][ 2372: 2372][info ] Logging initialized
